-------------------------------------------------------------------------------
Test set: edu.colostate.cs.cs414.a1.bdeining.CompanyTest
-------------------------------------------------------------------------------
Tests run: 24, Failures: 1, Errors: 0, Skipped: 0, Time elapsed: 0.675 s <<< FAILURE! - in edu.colostate.cs.cs414.a1.bdeining.CompanyTest
testAssignUnhelpfulWorker  Time elapsed: 0.012 s  <<< FAILURE!
org.opentest4j.AssertionFailedError: expected: <false> but was: <true>
	at edu.colostate.cs.cs414.a1.bdeining.CompanyTest.testAssignUnhelpfulWorker(CompanyTest.java:201)

