<?xml version="1.0" encoding="UTF-8"?>
<testsuite xmlns:xsi="http://www.w3.org/2001/XMLSchema-instance" xsi:noNamespaceSchemaLocation="https://maven.apache.org/surefire/maven-surefire-plugin/xsd/surefire-test-report.xsd" name="edu.colostate.cs.cs414.a1.bdeining.CompanyTest" time="0.675" tests="24" errors="0" skipped="0" failures="1">
  <properties>
[...]
</properties>
  <testcase name="testAssignFinishedProject" classname="edu.colostate.cs.cs414.a1.bdeining.CompanyTest" time="0.581"/>
  <testcase name="testAssignActiveProject" classname="edu.colostate.cs.cs414.a1.bdeining.CompanyTest" time="0"/>
  <testcase name="testCreateProjectNullProjectName" classname="edu.colostate.cs.cs414.a1.bdeining.CompanyTest" time="0.002"/>
  <testcase name="testCompaniesNotEqual" classname="edu.colostate.cs.cs414.a1.bdeining.CompanyTest" time="0.002"/>
  <testcase name="testAssignAlreadyAssignedWorker" classname="edu.colostate.cs.cs414.a1.bdeining.CompanyTest" time="0.002"/>
  <testcase name="testAssignOverloadedWorker" classname="edu.colostate.cs.cs414.a1.bdeining.CompanyTest" time="0.007"/>
  <testcase name="testCompanyNameBlankCharacter" classname="edu.colostate.cs.cs414.a1.bdeining.CompanyTest" time="0.001"/>
  <testcase name="testEmptyCompanyName" classname="edu.colostate.cs.cs414.a1.bdeining.CompanyTest" time="0.001"/>
  <testcase name="testGetName" classname="edu.colostate.cs.cs414.a1.bdeining.CompanyTest" time="0.001"/>
  <testcase name="testCreateProject" classname="edu.colostate.cs.cs414.a1.bdeining.CompanyTest" time="0.002"/>
  <testcase name="testAssignNullWorker" classname="edu.colostate.cs.cs414.a1.bdeining.CompanyTest" time="0.041"/>
  <testcase name="testNullCompanyName" classname="edu.colostate.cs.cs414.a1.bdeining.CompanyTest" time="0.001"/>
  <testcase name="testAddWorkerNullWorker" classname="edu.colostate.cs.cs414.a1.bdeining.CompanyTest" time="0.001"/>
  <testcase name="testCreateProjectNullQualificationSet" classname="edu.colostate.cs.cs414.a1.bdeining.CompanyTest" time="0.001"/>
  <testcase name="testCreateProjectInvalidProjectName" classname="edu.colostate.cs.cs414.a1.bdeining.CompanyTest" time="0.001"/>
  <testcase name="testAddWorker" classname="edu.colostate.cs.cs414.a1.bdeining.CompanyTest" time="0"/>
  <testcase name="testAssignUnhelpfulWorker" classname="edu.colostate.cs.cs414.a1.bdeining.CompanyTest" time="0.012">
    <failure message="expected: &lt;false&gt; but was: &lt;true&gt;" type="org.opentest4j.AssertionFailedError"><![CDATA[org.opentest4j.AssertionFailedError: expected: <false> but was: <true>
	at edu.colostate.cs.cs414.a1.bdeining.CompanyTest.testAssignUnhelpfulWorker(CompanyTest.java:201)
]]></failure>
  </testcase>
  <testcase name="testAssignUnavailableWorker" classname="edu.colostate.cs.cs414.a1.bdeining.CompanyTest" time="0.001"/>
  <testcase name="testCompaniesNotEqualNotACompany" classname="edu.colostate.cs.cs414.a1.bdeining.CompanyTest" time="0"/>
  <testcase name="testCreateProjectEmptyQualificationSet" classname="edu.colostate.cs.cs414.a1.bdeining.CompanyTest" time="0"/>
  <testcase name="testAssign" classname="edu.colostate.cs.cs414.a1.bdeining.CompanyTest" time="0"/>
  <testcase name="testAssignNullProject" classname="edu.colostate.cs.cs414.a1.bdeining.CompanyTest" time="0"/>
  <testcase name="testAddWorkerWithAssignedProject" classname="edu.colostate.cs.cs414.a1.bdeining.CompanyTest" time="0"/>
  <testcase name="testCompaniesEqual" classname="edu.colostate.cs.cs414.a1.bdeining.CompanyTest" time="0"/>
</testsuite>